<?xml version="1.0" encoding="UTF-8" ?>
<testsuite tests="22" failures="0" name="skeleton.RunCukesTest" time="0.061" errors="0" skipped="0">
  <properties>
[...]
</properties>
  <testcase classname="Scenario: Weather API Tests Invalid Key" name="Given Accessing Information Without API Key Should Fail" time="0.015"/>
  <testcase classname="Scenario: Weather API Tests Invalid Key" name="Scenario: Weather API Tests Invalid Key" time="0.035"/>
  <testcase classname="Scenario: Weather API City Name Should Be Returned" name="Given Weather Page Is Open" time="0.001"/>
  <testcase classname="Scenario: Weather API City Name Should Be Returned" name="When Weather API Information Is Called For City Sydney" time="0"/>
  <testcase classname="Scenario: Weather API City Name Should Be Returned" name="Then Weather API Should Return Current City Sydney" time="0"/>
  <testcase classname="Scenario: Weather API City Name Should Be Returned" name="Scenario: Weather API City Name Should Be Returned" time="0.001"/>
  <testcase classname="Scenario: Weather API City Name Should Be Returned" name="Given Weather Page Is Open" time="0"/>
  <testcase classname="Scenario: Weather API City Name Should Be Returned" name="When Weather API Information Is Called For City Adelaide" time="0"/>
  <testcase classname="Scenario: Weather API City Name Should Be Returned" name="Then Weather API Should Return Current City Adelaide" time="0"/>
  <testcase classname="Scenario: Weather API City Name Should Be Returned" name="Scenario: Weather API City Name Should Be Returned" time="0"/>
  <testcase classname="Scenario: Weather API City Name Should Be Returned" name="Given Weather Page Is Open" time="0"/>
  <testcase classname="Scenario: Weather API City Name Should Be Returned" name="When Weather API Information Is Called For City Brisbane" time="0"/>
  <testcase classname="Scenario: Weather API City Name Should Be Returned" name="Then Weather API Should Return Current City Brisbane" time="0"/>
  <testcase classname="Scenario: Weather API City Name Should Be Returned" name="Scenario: Weather API City Name Should Be Returned" time="0.008"/>
  <testcase classname="Scenario: Weather API City Name Should Be Returned" name="Given Weather Page Is Open" time="0"/>
  <testcase classname="Scenario: Weather API City Name Should Be Returned" name="When Weather API Information Is Called For City Perth" time="0"/>
  <testcase classname="Scenario: Weather API City Name Should Be Returned" name="Then Weather API Should Return Current City Perth" time="0"/>
  <testcase classname="Scenario: Weather API City Name Should Be Returned" name="Scenario: Weather API City Name Should Be Returned" time="0"/>
  <testcase classname="Scenario: Weather API City Name Should Be Returned" name="Given Weather Page Is Open" time="0"/>
  <testcase classname="Scenario: Weather API City Name Should Be Returned" name="When Weather API Information Is Called For City Darwin" time="0"/>
  <testcase classname="Scenario: Weather API City Name Should Be Returned" name="Then Weather API Should Return Current City Darwin" time="0"/>
  <testcase classname="Scenario: Weather API City Name Should Be Returned" name="Scenario: Weather API City Name Should Be Returned" time="0.001"/>
</testsuite>